\BOOKMARK [1][-]{section*.1}{\376\377\000M\000a\000t\000h}{}% 1
\BOOKMARK [2][-]{section*.2}{\376\377\000B\000a\000y\000e\000s\000\040\000T\000h\000e\000o\000r\000e\000m}{section*.1}% 2
\BOOKMARK [2][-]{section*.3}{\376\377\000C\000o\000n\000d\000i\000t\000i\000o\000n\000a\000l\000\040\000P\000r\000o\000b\000a\000b\000i\000l\000i\000t\000y}{section*.1}% 3
\BOOKMARK [2][-]{section*.4}{\376\377\000P\000D\000F\000'\000s\000\040\000a\000n\000d\000\040\000C\000D\000F\000'\000s}{section*.1}% 4
\BOOKMARK [2][-]{section*.5}{\376\377\000M\000a\000r\000g\000i\000n\000a\000l\000i\000z\000a\000t\000i\000o\000n}{section*.1}% 5
\BOOKMARK [2][-]{section*.6}{\376\377\000P\000r\000o\000d\000u\000c\000t\000\040\000R\000u\000l\000e}{section*.1}% 6
\BOOKMARK [2][-]{section*.7}{\376\377\000R\000u\000l\000e\000s\000\040\000f\000o\000r\000\040\000t\000h\000e\000\040\000M\000e\000a\000n}{section*.1}% 7
\BOOKMARK [2][-]{section*.8}{\376\377\000R\000u\000l\000e\000s\000\040\000f\000o\000r\000\040\000t\000h\000e\000\040\000V\000a\000r\000i\000a\000n\000c\000e}{section*.1}% 8
\BOOKMARK [2][-]{section*.9}{\376\377\000L\000a\000w\000\040\000o\000f\000\040\000T\000o\000t\000a\000l\000\040\000P\000r\000o\000b\000a\000b\000i\000l\000i\000t\000y}{section*.1}% 9
\BOOKMARK [2][-]{section*.10}{\376\377\000U\000n\000i\000v\000a\000r\000i\000a\000t\000e\000\040\000G\000a\000u\000s\000s\000i\000a\000n}{section*.1}% 10
\BOOKMARK [2][-]{section*.11}{\376\377\000M\000u\000l\000t\000i\000v\000a\000r\000i\000a\000t\000e\000\040\000G\000a\000u\000s\000s\000i\000a\000n}{section*.1}% 11
\BOOKMARK [2][-]{section*.12}{\376\377\000U\000n\000i\000v\000a\000r\000i\000a\000t\000e\000\040\000L\000a\000p\000l\000a\000c\000i\000a\000n}{section*.1}% 12
\BOOKMARK [2][-]{section*.13}{\376\377\000N\000o\000r\000m\000a\000l\000\040\000R\000a\000n\000d\000o\000m\000\040\000V\000e\000c\000t\000o\000r\000s}{section*.1}% 13
\BOOKMARK [2][-]{section*.14}{\376\377\000C\000o\000n\000d\000i\000t\000i\000o\000n\000a\000l\000\040\000R\000a\000n\000d\000o\000m\000\040\000V\000e\000c\000t\000o\000r\000s}{section*.1}% 14
\BOOKMARK [2][-]{section*.15}{\376\377\000H\000i\000e\000r\000a\000r\000c\000h\000i\000c\000a\000l\000\040\000B\000a\000y\000e\000s\000i\000a\000n\000\040\000M\000o\000d\000e\000l\000i\000n\000g}{section*.1}% 15
\BOOKMARK [2][-]{section*.16}{\376\377\000E\000m\000p\000i\000r\000i\000c\000a\000l\000\040\000B\000a\000y\000e\000s}{section*.1}% 16
\BOOKMARK [2][-]{section*.17}{\376\377\000M\000u\000l\000t\000i\000p\000l\000e\000s\000\040\000o\000f\000\040\000G\000a\000u\000s\000s\000i\000a\000n\000s\000\040\000a\000r\000e\000\040\000G\000a\000u\000s\000s\000i\000a\000n}{section*.1}% 17
\BOOKMARK [2][-]{section*.18}{\376\377\000S\000u\000m\000s\000\040\000o\000f\000\040\000G\000a\000u\000s\000s\000i\000a\000n\000s\000\040\000a\000r\000e\000\040\000G\000a\000u\000s\000s\000i\000a\000n}{section*.1}% 18
\BOOKMARK [2][-]{section*.19}{\376\377\000C\000o\000n\000d\000i\000t\000i\000o\000n\000a\000l\000\040\000L\000i\000n\000e\000a\000r\000\040\000G\000a\000u\000s\000s\000i\000a\000n\000s}{section*.1}% 19
\BOOKMARK [2][-]{section*.20}{\376\377\000B\000a\000y\000e\000s\000i\000a\000n\000\040\000l\000e\000a\000r\000n\000i\000n\000g}{section*.1}% 20
\BOOKMARK [1][-]{section*.21}{\376\377\000B\000a\000y\000e\000s\000i\000a\000n\000\040\000L\000i\000n\000e\000a\000r\000\040\000R\000e\000g\000r\000e\000s\000s\000i\000o\000n}{}% 21
\BOOKMARK [2][-]{section*.22}{\376\377\000P\000r\000e\000d\000i\000c\000t\000i\000o\000n}{section*.21}% 22
\BOOKMARK [2][-]{section*.23}{\376\377\000O\000n\000l\000i\000n\000e\000\040\000B\000a\000y\000e\000s\000i\000a\000n\000\040\000L\000i\000n\000e\000a\000r\000\040\000R\000e\000g\000r\000e\000s\000s\000i\000o\000n}{section*.21}% 23
\BOOKMARK [2][-]{section*.24}{\376\377\000M\000L\000E}{section*.21}% 24
\BOOKMARK [2][-]{section*.25}{\376\377\000M\000A\000P}{section*.21}% 25
\BOOKMARK [1][-]{section*.26}{\376\377\000G\000a\000u\000s\000s\000i\000a\000n\000\040\000P\000r\000o\000c\000c\000e\000s\000e\000s\000s}{}% 26
\BOOKMARK [2][-]{section*.27}{\376\377\000L\000i\000n\000e\000a\000r\000\040\000K\000e\000r\000n\000e\000l}{section*.26}% 27
\BOOKMARK [3][-]{section*.28}{\376\377\000P\000r\000e\000d\000i\000c\000t\000i\000o\000n\000s}{section*.27}% 28
\BOOKMARK [2][-]{section*.29}{\376\377\000O\000n\000l\000i\000n\000e\000\040\000G\000P\000'\000s}{section*.26}% 29
\BOOKMARK [2][-]{section*.30}{\376\377\000O\000p\000t\000i\000m\000i\000z\000i\000n\000g\000\040\000K\000e\000r\000n\000e\000l\000\040\000h\000y\000p\000e\000r\000-\000p\000a\000r\000a\000m\000e\000t\000e\000r\000s}{section*.26}% 30
\BOOKMARK [2][-]{section*.31}{\376\377\000F\000a\000s\000t\000\040\000G\000P\000\040\000m\000e\000t\000h\000o\000d\000s}{section*.26}% 31
\BOOKMARK [1][-]{section*.32}{\376\377\000L\000a\000p\000l\000a\000c\000e\000\040\000A\000p\000p\000r\000o\000x\000i\000m\000a\000t\000i\000o\000n}{}% 32
\BOOKMARK [2][-]{section*.33}{\376\377\000P\000r\000e\000d\000i\000c\000t\000i\000o\000n}{section*.32}% 33
\BOOKMARK [1][-]{section*.34}{\376\377\000V\000a\000r\000i\000a\000t\000i\000o\000n\000a\000l\000\040\000I\000n\000f\000e\000r\000e\000n\000c\000e}{}% 34
\BOOKMARK [2][-]{section*.35}{\376\377\000K\000L\000\040\000d\000i\000v\000e\000r\000g\000e\000n\000c\000e}{section*.34}% 35
\BOOKMARK [2][-]{section*.36}{\376\377\000M\000i\000n\000i\000m\000i\000z\000i\000n\000g\000\040\000K\000L\000\040\000d\000i\000v\000e\000r\000g\000e\000n\000c\000e}{section*.34}% 36
\BOOKMARK [2][-]{section*.37}{\376\377\000G\000r\000a\000d\000i\000e\000n\000t\000\040\000o\000f\000\040\000t\000h\000e\000\040\000E\000L\000B\000O}{section*.34}% 37
\BOOKMARK [1][-]{section*.38}{\376\377\000M\000a\000r\000k\000o\000v\000-\000C\000h\000a\000i\000n\000\040\000M\000o\000n\000t\000e\000\040\000C\000a\000r\000l\000o\000\040\000m\000e\000t\000h\000o\000d\000s}{}% 38
\BOOKMARK [2][-]{section*.39}{\376\377\000G\000i\000b\000b\000s\000\040\000S\000a\000m\000p\000l\000i\000n\000g}{section*.38}% 39
\BOOKMARK [2][-]{section*.40}{\376\377\000C\000o\000n\000t\000i\000n\000u\000o\000u\000s\000\040\000R\000V}{section*.38}% 40
\BOOKMARK [2][-]{section*.41}{\376\377\000I\000m\000p\000r\000o\000v\000e\000d\000\040\000P\000r\000o\000p\000o\000s\000a\000l\000s}{section*.38}% 41
\BOOKMARK [1][-]{section*.42}{\376\377\000B\000a\000y\000e\000s\000i\000a\000n\000\040\000N\000e\000u\000r\000a\000l\000\040\000N\000e\000t\000w\000o\000r\000k\000s}{}% 42
\BOOKMARK [2][-]{section*.43}{\376\377\000V\000a\000r\000i\000a\000t\000i\000o\000n\000a\000l\000\040\000I\000n\000f\000e\000r\000e\000n\000c\000e\000\040\000i\000n\000\040\000B\000N\000N\000'\000s}{section*.42}% 43
\BOOKMARK [2][-]{section*.44}{\376\377\000M\000C\000M\000C\000\040\000i\000n\000\040\000B\000N\000N\000'\000s}{section*.42}% 44
\BOOKMARK [2][-]{section*.45}{\376\377\000S\000p\000e\000c\000i\000a\000l\000\040\000I\000n\000f\000e\000r\000e\000n\000c\000e\000\040\000T\000e\000c\000h\000n\000i\000q\000u\000e\000s\000\040\000f\000o\000r\000\040\000B\000N\000N\000s}{section*.42}% 45
\BOOKMARK [2][-]{section*.46}{\376\377\000C\000a\000l\000i\000b\000r\000a\000t\000i\000o\000n}{section*.42}% 46
\BOOKMARK [3][-]{section*.47}{\376\377\000R\000e\000l\000i\000a\000b\000i\000l\000i\000t\000y\000\040\000D\000i\000a\000g\000r\000a\000m\000s}{section*.46}% 47
\BOOKMARK [3][-]{section*.48}{\376\377\000C\000a\000l\000i\000b\000r\000a\000t\000i\000o\000n\000\040\000M\000e\000t\000h\000o\000d\000s}{section*.46}% 48
\BOOKMARK [1][-]{section*.49}{\376\377\000A\000c\000t\000i\000v\000e\000\040\000L\000e\000a\000r\000n\000i\000n\000g}{}% 49
\BOOKMARK [2][-]{section*.50}{\376\377\000A\000c\000t\000i\000v\000e\000\040\000L\000e\000a\000r\000n\000i\000n\000g\000\040\000f\000o\000r\000\040\000C\000l\000a\000s\000s\000i\000f\000i\000c\000a\000t\000i\000o\000n}{section*.49}% 50
\BOOKMARK [1][-]{section*.51}{\376\377\000B\000a\000y\000e\000s\000i\000a\000n\000\040\000O\000p\000t\000i\000m\000i\000z\000a\000t\000i\000o\000n}{}% 51
\BOOKMARK [2][-]{section*.52}{\376\377\000U\000p\000p\000e\000r\000\040\000c\000o\000n\000f\000i\000d\000e\000n\000c\000e\000\040\000s\000a\000m\000p\000l\000i\000n\000g}{section*.51}% 52
\BOOKMARK [2][-]{section*.53}{\376\377\000I\000m\000p\000r\000o\000v\000e\000m\000e\000n\000t\000\040\000B\000a\000s\000e\000d\000\040\000A\000c\000q\000u\000i\000s\000i\000t\000i\000o\000n\000\040\000F\000u\000n\000c\000t\000i\000o\000n\000s}{section*.51}% 53
\BOOKMARK [3][-]{section*.54}{\376\377\000P\000r\000o\000b\000a\000b\000i\000l\000i\000t\000y\000\040\000o\000f\000\040\000I\000m\000p\000r\000o\000v\000e\000m\000e\000n\000t}{section*.53}% 54
\BOOKMARK [3][-]{section*.55}{\376\377\000E\000x\000p\000e\000c\000t\000e\000d\000\040\000I\000m\000p\000r\000o\000v\000e\000m\000e\000n\000t}{section*.53}% 55
\BOOKMARK [2][-]{section*.56}{\376\377\000T\000h\000o\000m\000s\000o\000n\000\040\000S\000a\000m\000p\000l\000i\000n\000g}{section*.51}% 56
\BOOKMARK [1][-]{section*.57}{\376\377\000M\000a\000r\000k\000o\000v\000\040\000D\000e\000c\000i\000s\000i\000o\000n\000\040\000P\000r\000o\000c\000e\000s\000s\000e\000s}{}% 57
\BOOKMARK [2][-]{section*.58}{\376\377\000E\000x\000p\000e\000c\000t\000e\000d\000\040\000V\000a\000l\000u\000e\000\040\000o\000f\000\040\000a\000\040\000P\000o\000l\000i\000c\000y}{section*.57}% 58
\BOOKMARK [2][-]{section*.59}{\376\377\000P\000o\000l\000i\000c\000y\000\040\000I\000t\000e\000r\000a\000t\000i\000o\000n}{section*.57}% 59
\BOOKMARK [2][-]{section*.60}{\376\377\000V\000a\000l\000u\000e\000\040\000I\000t\000e\000r\000a\000t\000i\000o\000n}{section*.57}% 60
\BOOKMARK [1][-]{section*.61}{\376\377\000P\000O\000M\000D\000P\000'\000s}{}% 61
\BOOKMARK [1][-]{section*.62}{\376\377\000R\000e\000i\000n\000f\000o\000r\000c\000e\000m\000e\000n\000t\000\040\000L\000e\000a\000r\000n\000i\000n\000g}{}% 62
\BOOKMARK [2][-]{section*.63}{\376\377\000M\000o\000d\000e\000l\000\040\000B\000a\000s\000e\000d\000\040\000R\000L}{section*.62}% 63
\BOOKMARK [3][-]{section*.64}{\376\377\000R\000m\000a\000x\000\040\000A\000l\000g\000o\000r\000i\000t\000h\000m}{section*.63}% 64
\BOOKMARK [2][-]{section*.65}{\376\377\000M\000o\000d\000e\000l\000\040\000F\000r\000e\000e\000\040\000R\000L}{section*.62}% 65
\BOOKMARK [3][-]{section*.66}{\376\377\000T\000D\000-\000L\000e\000a\000r\000n\000i\000n\000g}{section*.65}% 66
\BOOKMARK [3][-]{section*.67}{\376\377\000Q\000-\000l\000e\000a\000r\000n\000i\000n\000g}{section*.65}% 67
\BOOKMARK [3][-]{section*.68}{\376\377\000A\000p\000p\000r\000o\000x\000i\000m\000a\000t\000i\000n\000g\000\040\000v\000a\000l\000u\000e\000\040\000f\000u\000n\000c\000t\000i\000o\000n\000s}{section*.65}% 68
\BOOKMARK [2][-]{section*.69}{\376\377\000P\000o\000l\000i\000c\000y\000\040\000s\000e\000a\000r\000c\000h\000\040\000m\000e\000t\000h\000o\000d\000s}{section*.62}% 69
\BOOKMARK [2][-]{section*.70}{\376\377\000R\000E\000I\000N\000F\000O\000R\000C\000E\000\040\000A\000l\000g\000o\000r\000i\000t\000h\000m}{section*.62}% 70
\BOOKMARK [2][-]{section*.71}{\376\377\000P\000o\000l\000i\000c\000y\000\040\000G\000r\000a\000d\000i\000e\000n\000t\000\040\000T\000h\000e\000o\000r\000e\000m}{section*.62}% 71
\BOOKMARK [3][-]{section*.72}{\376\377\000O\000n\000l\000i\000n\000e\000\040\000A\000c\000t\000o\000r\000\040\000C\000r\000i\000t\000i\000c}{section*.71}% 72
\BOOKMARK [2][-]{section*.73}{\376\377\000A\000d\000v\000a\000n\000t\000a\000g\000e\000\040\000A\000c\000t\000i\000v\000e\000\040\000C\000r\000i\000t\000i\000q\000u\000e}{section*.62}% 73
\BOOKMARK [2][-]{section*.74}{\376\377\000T\000R\000P\000O\000\040\000a\000n\000d\000\040\000P\000P\000O}{section*.62}% 74
\BOOKMARK [2][-]{section*.75}{\376\377\000O\000f\000f\000-\000P\000o\000l\000i\000c\000y\000\040\000A\000c\000t\000o\000r\000\040\000C\000r\000i\000t\000i\000c}{section*.62}% 75
\BOOKMARK [2][-]{section*.76}{\376\377\000M\000o\000d\000e\000l\000-\000b\000a\000s\000e\000d\000\040\000D\000e\000e\000p\000\040\000R\000L}{section*.62}% 76
\BOOKMARK [3][-]{section*.77}{\376\377\000P\000l\000a\000n\000n\000i\000n\000g\000\040\000i\000n\000\040\000t\000h\000e\000\040\000k\000n\000o\000w\000n\000\040\000m\000o\000d\000e\000l}{section*.76}% 77
\BOOKMARK [3][-]{section*.78}{\376\377\000U\000n\000k\000n\000o\000w\000n\000\040\000D\000y\000n\000a\000m\000i\000c\000s}{section*.76}% 78
\BOOKMARK [3][-]{section*.79}{\376\377\000G\000r\000e\000e\000d\000y\000\040\000e\000x\000p\000l\000o\000i\000t\000a\000t\000i\000o\000n\000\040\000f\000o\000r\000\040\000m\000o\000d\000e\000l\000-\000b\000a\000s\000e\000d\000\040\000R\000L}{section*.76}% 79
\BOOKMARK [3][-]{section*.80}{\376\377\000T\000h\000o\000m\000p\000s\000o\000n\000\040\000S\000a\000m\000p\000l\000i\000n\000g}{section*.76}% 80
\BOOKMARK [3][-]{section*.81}{\376\377\000O\000p\000t\000i\000m\000i\000s\000t\000i\000c\000\040\000E\000x\000p\000l\000o\000r\000a\000t\000i\000o\000n}{section*.76}% 81
