\BOOKMARK [1][-]{section*.1}{\376\377\000M\000a\000t\000h}{}% 1
\BOOKMARK [2][-]{section*.2}{\376\377\000B\000a\000y\000e\000s\000\040\000T\000h\000r\000m\000,\000\040\000C\000o\000n\000d\000i\000t\000i\000o\000n\000a\000l\000\040\000P\000r\000o\000b\000.}{section*.1}% 2
\BOOKMARK [3][-]{section*.3}{\376\377\000R\000u\000l\000e\000s\000\040\000f\000o\000r\000\040\000t\000h\000e\000\040\000M\000e\000a\000n}{section*.2}% 3
\BOOKMARK [3][-]{section*.4}{\376\377\000R\000u\000l\000e\000s\000\040\000f\000o\000r\000\040\000t\000h\000e\000\040\000V\000a\000r\000i\000a\000n\000c\000e}{section*.2}% 4
\BOOKMARK [3][-]{section*.5}{\376\377\000L\000a\000w\000\040\000o\000f\000\040\000T\000o\000t\000a\000l\000\040\000P\000r\000o\000b\000a\000b\000i\000l\000i\000t\000y}{section*.2}% 5
\BOOKMARK [3][-]{section*.6}{\376\377\000U\000n\000i\000v\000a\000r\000i\000a\000t\000e\000\040\000G\000a\000u\000s\000s\000i\000a\000n}{section*.2}% 6
\BOOKMARK [3][-]{section*.7}{\376\377\000M\000u\000l\000t\000i\000v\000a\000r\000i\000a\000t\000e\000\040\000G\000a\000u\000s\000s\000i\000a\000n}{section*.2}% 7
\BOOKMARK [3][-]{section*.8}{\376\377\000U\000n\000i\000v\000a\000r\000i\000a\000t\000e\000\040\000L\000a\000p\000l\000a\000c\000i\000a\000n}{section*.2}% 8
\BOOKMARK [2][-]{section*.9}{\376\377\000C\000o\000n\000d\000i\000t\000i\000o\000n\000a\000l\000\040\000R\000a\000n\000d\000o\000m\000\040\000V\000e\000c\000t\000o\000r\000s}{section*.1}% 9
\BOOKMARK [2][-]{section*.10}{\376\377\000L\000i\000n\000e\000a\000r\000i\000t\000y\000\040\000o\000f\000\040\000G\000a\000u\000s\000s\000i\000a\000n\000s}{section*.1}% 10
\BOOKMARK [2][-]{section*.11}{\376\377\000B\000a\000y\000e\000s\000i\000a\000n\000\040\000l\000e\000a\000r\000n\000i\000n\000g}{section*.1}% 11
\BOOKMARK [1][-]{section*.12}{\376\377\000B\000a\000y\000e\000s\000i\000a\000n\000\040\000L\000i\000n\000e\000a\000r\000\040\000R\000e\000g\000r\000e\000s\000s\000i\000o\000n}{}% 12
\BOOKMARK [2][-]{section*.13}{\376\377\000O\000n\000l\000i\000n\000e\000\040\000B\000a\000y\000e\000s\000i\000a\000n\000\040\000L\000i\000n\000e\000a\000r\000\040\000R\000e\000g\000r\000e\000s\000s\000i\000o\000n}{section*.12}% 13
\BOOKMARK [2][-]{section*.14}{\376\377\000M\000L\000E\000\040\000a\000n\000d\000\040\000M\000A\000P\000\040\000r\000e\000g\000r\000e\000s\000s\000i\000o\000n}{section*.12}% 14
\BOOKMARK [1][-]{section*.15}{\376\377\000G\000a\000u\000s\000s\000i\000a\000n\000\040\000P\000r\000o\000c\000c\000e\000s\000e\000s\000s}{}% 15
\BOOKMARK [2][-]{section*.16}{\376\377\000L\000i\000n\000e\000a\000r\000\040\000K\000e\000r\000n\000e\000l}{section*.15}% 16
\BOOKMARK [3][-]{section*.17}{\376\377\000O\000n\000l\000i\000n\000e\000\040\000G\000P\000'\000s}{section*.16}% 17
\BOOKMARK [2][-]{section*.18}{\376\377\000M\000a\000x\000i\000m\000i\000z\000e\000\040\000t\000h\000e\000\040\000m\000a\000r\000g\000i\000n\000a\000l\000\040\000l\000i\000k\000e\000l\000i\000h\000o\000o\000d\000\040\000o\000f\000\040\000t\000h\000e\000\040\000d\000a\000t\000a}{section*.15}% 18
\BOOKMARK [1][-]{section*.19}{\376\377\000L\000a\000p\000l\000a\000c\000e\000\040\000A\000p\000p\000r\000o\000x\000i\000m\000a\000t\000i\000o\000n}{}% 19
\BOOKMARK [2][-]{section*.20}{\376\377\000P\000r\000e\000d\000i\000c\000t\000i\000o\000n}{section*.19}% 20
\BOOKMARK [1][-]{section*.21}{\376\377\000V\000a\000r\000i\000a\000t\000i\000o\000n\000a\000l\000\040\000I\000n\000f\000e\000r\000e\000n\000c\000e}{}% 21
\BOOKMARK [2][-]{section*.22}{\376\377\000K\000L\000\040\000d\000i\000v\000e\000r\000g\000e\000n\000c\000e}{section*.21}% 22
\BOOKMARK [2][-]{section*.23}{\376\377\000M\000i\000n\000i\000m\000i\000z\000i\000n\000g\000\040\000K\000L\000\040\000d\000i\000v\000e\000r\000g\000e\000n\000c\000e}{section*.21}% 23
\BOOKMARK [2][-]{section*.24}{\376\377\000G\000r\000a\000d\000i\000e\000n\000t\000\040\000o\000f\000\040\000t\000h\000e\000\040\000E\000L\000B\000O}{section*.21}% 24
\BOOKMARK [1][-]{section*.25}{\376\377\000M\000C\000M\000C\000\040\000m\000e\000t\000h\000o\000d\000s}{}% 25
\BOOKMARK [2][-]{section*.26}{\376\377\000H\000o\000e\000f\000f\000d\000i\000n\000g\040\031\000s\000\040\000i\000n\000e\000q\000u\000a\000l\000i\000t\000y}{section*.25}% 26
\BOOKMARK [2][-]{section*.27}{\376\377\000M\000H\000-\000M\000C\000M\000C}{section*.25}% 27
\BOOKMARK [2][-]{section*.28}{\376\377\000C\000o\000n\000t\000i\000n\000u\000o\000u\000s\000\040\000R\000V}{section*.25}% 28
\BOOKMARK [2][-]{section*.29}{\376\377\000I\000m\000p\000r\000o\000v\000e\000d\000\040\000P\000r\000o\000p\000o\000s\000a\000l\000s}{section*.25}% 29
\BOOKMARK [1][-]{section*.30}{\376\377\000B\000a\000y\000e\000s\000i\000a\000n\000\040\000N\000e\000u\000r\000a\000l\000\040\000N\000e\000t\000w\000o\000r\000k\000s}{}% 30
\BOOKMARK [2][-]{section*.31}{\376\377\000M\000A\000P\000\040\000e\000s\000t\000i\000m\000a\000t\000i\000o\000n\000\040\000w\000i\000t\000h\000\040\000B\000N\000N\000'\000s}{section*.30}% 31
\BOOKMARK [2][-]{section*.32}{\376\377\000V\000a\000r\000i\000a\000t\000i\000o\000n\000a\000l\000\040\000I\000n\000f\000e\000r\000e\000n\000c\000e\000\040\000i\000n\000\040\000B\000N\000N\000'\000s}{section*.30}% 32
\BOOKMARK [2][-]{section*.33}{\376\377\000U\000n\000c\000e\000r\000t\000a\000i\000n\000t\000y\000\040\000f\000o\000r\000\040\000G\000a\000u\000s\000s\000i\000a\000n\000s}{section*.30}% 33
\BOOKMARK [2][-]{section*.34}{\376\377\000M\000C\000M\000C\000\040\000i\000n\000\040\000B\000N\000N\000'\000s}{section*.30}% 34
\BOOKMARK [3][-]{section*.35}{\376\377\000D\000r\000o\000p\000o\000u\000t\000\040\000a\000n\000d\000\040\000P\000r\000o\000b\000a\000b\000i\000l\000i\000s\000t\000i\000c\000\040\000E\000n\000s\000e\000m\000b\000l\000e\000s}{section*.34}% 35
\BOOKMARK [2][-]{section*.36}{\376\377\000C\000a\000l\000i\000b\000r\000a\000t\000i\000o\000n}{section*.30}% 36
\BOOKMARK [3][-]{section*.37}{\376\377\000R\000e\000l\000i\000a\000b\000i\000l\000i\000t\000y\000\040\000D\000i\000a\000g\000r\000a\000m\000s}{section*.36}% 37
\BOOKMARK [3][-]{section*.38}{\376\377\000C\000a\000l\000i\000b\000r\000a\000t\000i\000o\000n\000\040\000M\000e\000t\000h\000o\000d\000s}{section*.36}% 38
\BOOKMARK [1][-]{section*.39}{\376\377\000A\000c\000t\000i\000v\000e\000\040\000L\000e\000a\000r\000n\000i\000n\000g}{}% 39
\BOOKMARK [2][-]{section*.40}{\376\377\000A\000c\000t\000i\000v\000e\000\040\000L\000e\000a\000r\000n\000i\000n\000g\000\040\000f\000o\000r\000\040\000C\000l\000a\000s\000s\000i\000f\000i\000c\000a\000t\000i\000o\000n}{section*.39}% 40
\BOOKMARK [1][-]{section*.41}{\376\377\000B\000a\000y\000e\000s\000i\000a\000n\000\040\000O\000p\000t\000i\000m\000i\000z\000a\000t\000i\000o\000n}{}% 41
\BOOKMARK [2][-]{section*.42}{\376\377\000U\000p\000p\000e\000r\000\040\000c\000o\000n\000f\000i\000d\000e\000n\000c\000e\000\040\000s\000a\000m\000p\000l\000i\000n\000g}{section*.41}% 42
\BOOKMARK [2][-]{section*.43}{\376\377\000I\000m\000p\000r\000o\000v\000e\000m\000e\000n\000t\000\040\000B\000a\000s\000e\000d\000\040\000A\000c\000q\000u\000i\000s\000i\000t\000i\000o\000n\000\040\000F\000u\000n\000c\000t\000i\000o\000n\000s}{section*.41}% 43
\BOOKMARK [3][-]{section*.44}{\376\377\000P\000r\000o\000b\000a\000b\000i\000l\000i\000t\000y\000\040\000o\000f\000\040\000I\000m\000p\000r\000o\000v\000e\000m\000e\000n\000t}{section*.43}% 44
\BOOKMARK [3][-]{section*.45}{\376\377\000E\000x\000p\000e\000c\000t\000e\000d\000\040\000I\000m\000p\000r\000o\000v\000e\000m\000e\000n\000t}{section*.43}% 45
\BOOKMARK [2][-]{section*.46}{\376\377\000T\000h\000o\000m\000s\000o\000n\000\040\000S\000a\000m\000p\000l\000i\000n\000g}{section*.41}% 46
\BOOKMARK [1][-]{section*.47}{\376\377\000M\000a\000r\000k\000o\000v\000\040\000D\000e\000c\000i\000s\000i\000o\000n\000\040\000P\000r\000o\000c\000e\000s\000s\000e\000s}{}% 47
\BOOKMARK [2][-]{section*.48}{\376\377\000E\000x\000p\000e\000c\000t\000e\000d\000\040\000V\000a\000l\000u\000e\000\040\000o\000f\000\040\000a\000\040\000P\000o\000l\000i\000c\000y}{section*.47}% 48
\BOOKMARK [2][-]{section*.49}{\376\377\000P\000o\000l\000i\000c\000y\000\040\000I\000t\000e\000r\000a\000t\000i\000o\000n}{section*.47}% 49
\BOOKMARK [2][-]{section*.50}{\376\377\000V\000a\000l\000u\000e\000\040\000I\000t\000e\000r\000a\000t\000i\000o\000n}{section*.47}% 50
\BOOKMARK [1][-]{section*.51}{\376\377\000P\000O\000M\000D\000P\000'\000s}{}% 51
\BOOKMARK [1][-]{section*.52}{\376\377\000R\000e\000i\000n\000f\000o\000r\000c\000e\000m\000e\000n\000t\000\040\000L\000e\000a\000r\000n\000i\000n\000g}{}% 52
\BOOKMARK [2][-]{section*.53}{\376\377\000M\000o\000d\000e\000l\000\040\000B\000a\000s\000e\000d\000\040\000R\000L}{section*.52}% 53
\BOOKMARK [3][-]{section*.54}{\376\377\000R\000m\000a\000x\000\040\000A\000l\000g\000o\000r\000i\000t\000h\000m}{section*.53}% 54
\BOOKMARK [2][-]{section*.55}{\376\377\000M\000o\000d\000e\000l\000\040\000F\000r\000e\000e\000\040\000R\000L}{section*.52}% 55
\BOOKMARK [3][-]{section*.56}{\376\377\000T\000D\000-\000L\000e\000a\000r\000n\000i\000n\000g}{section*.55}% 56
\BOOKMARK [3][-]{section*.57}{\376\377\000Q\000-\000l\000e\000a\000r\000n\000i\000n\000g}{section*.55}% 57
\BOOKMARK [3][-]{section*.58}{\376\377\000A\000p\000p\000r\000o\000x\000i\000m\000a\000t\000i\000n\000g\000\040\000v\000a\000l\000u\000e\000\040\000f\000u\000n\000c\000t\000i\000o\000n\000s}{section*.55}% 58
\BOOKMARK [2][-]{section*.59}{\376\377\000P\000o\000l\000i\000c\000y\000\040\000s\000e\000a\000r\000c\000h\000\040\000m\000e\000t\000h\000o\000d\000s}{section*.52}% 59
\BOOKMARK [2][-]{section*.60}{\376\377\000R\000E\000I\000N\000F\000O\000R\000C\000E\000\040\000A\000l\000g\000o\000r\000i\000t\000h\000m}{section*.52}% 60
\BOOKMARK [2][-]{section*.61}{\376\377\000P\000o\000l\000i\000c\000y\000\040\000G\000r\000a\000d\000i\000e\000n\000t\000\040\000T\000h\000e\000o\000r\000e\000m}{section*.52}% 61
\BOOKMARK [3][-]{section*.62}{\376\377\000O\000n\000l\000i\000n\000e\000\040\000A\000c\000t\000o\000r\000\040\000C\000r\000i\000t\000i\000c}{section*.61}% 62
\BOOKMARK [2][-]{section*.63}{\376\377\000A\000d\000v\000a\000n\000t\000a\000g\000e\000\040\000A\000c\000t\000i\000v\000e\000\040\000C\000r\000i\000t\000i\000q\000u\000e}{section*.52}% 63
\BOOKMARK [2][-]{section*.64}{\376\377\000T\000R\000P\000O\000\040\000a\000n\000d\000\040\000P\000P\000O}{section*.52}% 64
\BOOKMARK [2][-]{section*.65}{\376\377\000O\000f\000f\000-\000P\000o\000l\000i\000c\000y\000\040\000A\000c\000t\000o\000r\000\040\000C\000r\000i\000t\000i\000c}{section*.52}% 65
\BOOKMARK [2][-]{section*.66}{\376\377\000M\000o\000d\000e\000l\000-\000b\000a\000s\000e\000d\000\040\000D\000e\000e\000p\000\040\000R\000L}{section*.52}% 66
\BOOKMARK [3][-]{section*.67}{\376\377\000P\000l\000a\000n\000n\000i\000n\000g\000\040\000i\000n\000\040\000t\000h\000e\000\040\000k\000n\000o\000w\000n\000\040\000m\000o\000d\000e\000l}{section*.66}% 67
\BOOKMARK [3][-]{section*.68}{\376\377\000U\000n\000k\000n\000o\000w\000n\000\040\000D\000y\000n\000a\000m\000i\000c\000s}{section*.66}% 68
\BOOKMARK [3][-]{section*.69}{\376\377\000G\000r\000e\000e\000d\000y\000\040\000e\000x\000p\000l\000o\000i\000t\000a\000t\000i\000o\000n\000\040\000f\000o\000r\000\040\000m\000o\000d\000e\000l\000-\000b\000a\000s\000e\000d\000\040\000R\000L}{section*.66}% 69
\BOOKMARK [3][-]{section*.70}{\376\377\000T\000h\000o\000m\000p\000s\000o\000n\000\040\000S\000a\000m\000p\000l\000i\000n\000g}{section*.66}% 70
\BOOKMARK [3][-]{section*.71}{\376\377\000O\000p\000t\000i\000m\000i\000s\000t\000i\000c\000\040\000E\000x\000p\000l\000o\000r\000a\000t\000i\000o\000n}{section*.66}% 71
